2020-04-21 00:08:46,010 - root - DEBUG - 测试启动
2020-04-21 00:08:46,011 - root - DEBUG - 开始获取excel测试用例
2020-04-21 00:08:46,038 - root - DEBUG - 测试启动
2020-04-21 00:08:46,038 - root - DEBUG - 开始获取excel测试用例
2020-04-21 00:08:46,054 - root - DEBUG - 用例1-被扫支付-获取二维码开始执行测试
2020-04-21 00:08:46,054 - root - DEBUG - 发送http-get请求
2020-04-21 00:08:46,449 - root - DEBUG - http请求完成
2020-04-21 00:08:46,451 - root - DEBUG - 用例2-被扫支付-获取二维码开始执行测试
2020-04-21 00:08:46,452 - root - DEBUG - 发送http-get请求
2020-04-21 00:08:46,936 - root - DEBUG - http请求完成
2020-04-21 00:08:46,937 - root - DEBUG - 用例3-支付开始执行测试
2020-04-21 00:08:46,945 - root - DEBUG - 发送http-get请求
2020-04-21 00:08:48,569 - root - DEBUG - http请求完成
2020-04-21 00:09:43,372 - root - DEBUG - 测试启动
2020-04-21 00:09:43,373 - root - DEBUG - 开始获取excel测试用例
2020-04-21 00:09:43,397 - root - DEBUG - 测试启动
2020-04-21 00:09:43,398 - root - DEBUG - 开始获取excel测试用例
2020-04-21 00:09:43,413 - root - DEBUG - 用例1-被扫支付-获取二维码开始执行测试
2020-04-21 00:09:43,414 - root - DEBUG - 发送http-get请求
2020-04-21 00:09:43,707 - root - DEBUG - http请求完成
2020-04-21 00:09:43,708 - root - DEBUG - 用例2-被扫支付-获取二维码开始执行测试
2020-04-21 00:09:43,708 - root - DEBUG - 发送http-get请求
2020-04-21 00:09:43,952 - root - DEBUG - http请求完成
2020-04-21 00:09:43,954 - root - DEBUG - 用例3-支付开始执行测试
2020-04-21 00:09:43,955 - root - DEBUG - 发送http-get请求
2020-04-21 00:09:45,258 - root - DEBUG - http请求完成
2020-04-21 00:09:54,010 - root - DEBUG - 测试启动
2020-04-21 00:09:54,011 - root - DEBUG - 开始获取excel测试用例
2020-04-21 00:09:54,035 - root - DEBUG - 测试启动
2020-04-21 00:09:54,035 - root - DEBUG - 开始获取excel测试用例
2020-04-21 00:09:54,051 - root - DEBUG - 用例1-被扫支付-获取二维码开始执行测试
2020-04-21 00:09:54,051 - root - DEBUG - 发送http-get请求
2020-04-21 00:09:54,341 - root - DEBUG - http请求完成
2020-04-21 00:09:54,342 - root - DEBUG - 用例2-被扫支付-获取二维码开始执行测试
2020-04-21 00:09:54,343 - root - DEBUG - 发送http-get请求
2020-04-21 00:09:54,595 - root - DEBUG - http请求完成
2020-04-21 00:09:54,596 - root - DEBUG - 用例3-支付开始执行测试
2020-04-21 00:09:54,597 - root - DEBUG - 发送http-get请求
2020-04-21 00:09:55,995 - root - DEBUG - http请求完成
2020-04-21 11:41:32,509 - root - DEBUG - 测试启动
2020-04-21 11:41:32,518 - root - DEBUG - 开始获取excel测试用例
2020-04-21 11:41:32,544 - root - DEBUG - 用例1-被扫支付-获取二维码开始执行测试
2020-04-21 11:41:32,547 - root - DEBUG - 用例2-被扫支付-获取二维码开始执行测试
2020-04-21 11:41:32,549 - root - DEBUG - 用例3-支付开始执行测试
2020-04-21 11:42:56,603 - root - DEBUG - 测试启动
2020-04-21 11:42:56,604 - root - DEBUG - 开始获取excel测试用例
2020-04-21 11:42:56,629 - root - DEBUG - 用例1-被扫支付-获取二维码开始执行测试
2020-04-21 11:42:56,630 - root - DEBUG - 发送http-get请求
2020-04-21 11:42:57,172 - root - DEBUG - http请求完成
2020-04-21 11:42:57,173 - root - DEBUG - 用例2-被扫支付-获取二维码开始执行测试
2020-04-21 11:42:57,174 - root - DEBUG - 发送http-get请求
2020-04-21 11:42:57,426 - root - DEBUG - http请求完成
2020-04-21 11:42:57,427 - root - DEBUG - 用例3-支付开始执行测试
2020-04-21 11:42:57,427 - root - DEBUG - 发送http-get请求
2020-04-21 11:42:58,994 - root - DEBUG - http请求完成
