2020-04-20 23:41:31,584 - root - DEBUG - 测试启动
2020-04-20 23:41:31,584 - root - DEBUG - 开始获取excel测试用例
2020-04-20 23:41:31,611 - root - DEBUG - 测试启动
2020-04-20 23:41:31,611 - root - DEBUG - 开始获取excel测试用例
2020-04-20 23:41:31,627 - root - DEBUG - 用例1.0-被扫支付-获取二维码开始执行测试
2020-04-20 23:41:31,627 - root - DEBUG - 发送http-get请求
2020-04-20 23:41:32,157 - root - DEBUG - http请求完成
2020-04-20 23:41:32,158 - root - DEBUG - 用例2.0-被扫支付-获取二维码开始执行测试
2020-04-20 23:41:32,158 - root - DEBUG - 发送http-get请求
2020-04-20 23:41:32,389 - root - DEBUG - http请求完成
2020-04-20 23:41:32,390 - root - DEBUG - 用例3.0-支付开始执行测试
2020-04-20 23:41:32,399 - root - DEBUG - 发送http-get请求
2020-04-20 23:41:33,898 - root - DEBUG - http请求完成
2020-04-20 23:41:55,360 - root - DEBUG - 测试启动
2020-04-20 23:41:55,361 - root - DEBUG - 开始获取excel测试用例
2020-04-20 23:41:55,386 - root - DEBUG - 测试启动
2020-04-20 23:41:55,386 - root - DEBUG - 开始获取excel测试用例
2020-04-20 23:41:55,414 - root - DEBUG - 用例1-被扫支付-获取二维码开始执行测试
2020-04-20 23:41:55,415 - root - DEBUG - 发送http-get请求
2020-04-20 23:41:55,688 - root - DEBUG - http请求完成
2020-04-20 23:41:55,689 - root - DEBUG - 用例2-被扫支付-获取二维码开始执行测试
2020-04-20 23:41:55,689 - root - DEBUG - 发送http-get请求
2020-04-20 23:41:55,925 - root - DEBUG - http请求完成
2020-04-20 23:41:55,927 - root - DEBUG - 用例3-支付开始执行测试
2020-04-20 23:41:55,928 - root - DEBUG - 发送http-get请求
2020-04-20 23:41:57,230 - root - DEBUG - http请求完成
